2015-10-23 17:22:20 - PHP Notice:  Undefined index: USD in /var/www/html/opencart/upload/system/library/currency.php on line 55
2015-10-23 17:22:20 - PHP Notice:  Undefined index: USD in /var/www/html/opencart/upload/system/library/currency.php on line 56
2015-10-23 17:22:20 - PHP Notice:  Undefined index: USD in /var/www/html/opencart/upload/system/library/currency.php on line 57
2015-10-23 17:22:20 - PHP Notice:  Undefined index: USD in /var/www/html/opencart/upload/system/library/currency.php on line 65
2015-10-23 17:22:20 - PHP Notice:  Undefined index: USD in /var/www/html/opencart/upload/system/library/currency.php on line 55
2015-10-23 17:22:20 - PHP Notice:  Undefined index: USD in /var/www/html/opencart/upload/system/library/currency.php on line 56
2015-10-23 17:22:20 - PHP Notice:  Undefined index: USD in /var/www/html/opencart/upload/system/library/currency.php on line 57
2015-10-23 17:22:20 - PHP Notice:  Undefined index: USD in /var/www/html/opencart/upload/system/library/currency.php on line 65
2015-10-23 17:22:20 - PHP Notice:  Undefined index: USD in /var/www/html/opencart/upload/system/library/currency.php on line 55
2015-10-23 17:22:20 - PHP Notice:  Undefined index: USD in /var/www/html/opencart/upload/system/library/currency.php on line 56
2015-10-23 17:22:20 - PHP Notice:  Undefined index: USD in /var/www/html/opencart/upload/system/library/currency.php on line 57
2015-10-23 17:22:20 - PHP Notice:  Undefined index: USD in /var/www/html/opencart/upload/system/library/currency.php on line 65
2015-10-23 17:22:20 - PHP Notice:  Undefined index: USD in /var/www/html/opencart/upload/system/library/currency.php on line 55
2015-10-23 17:22:20 - PHP Notice:  Undefined index: USD in /var/www/html/opencart/upload/system/library/currency.php on line 56
2015-10-23 17:22:20 - PHP Notice:  Undefined index: USD in /var/www/html/opencart/upload/system/library/currency.php on line 57
2015-10-23 17:22:20 - PHP Notice:  Undefined index: USD in /var/www/html/opencart/upload/system/library/currency.php on line 65
2015-10-23 17:22:20 - PHP Notice:  Undefined index: USD in /var/www/html/opencart/upload/system/library/currency.php on line 55
2015-10-23 17:22:20 - PHP Notice:  Undefined index: USD in /var/www/html/opencart/upload/system/library/currency.php on line 56
2015-10-23 17:22:20 - PHP Notice:  Undefined index: USD in /var/www/html/opencart/upload/system/library/currency.php on line 57
2015-10-23 17:22:20 - PHP Notice:  Undefined index: USD in /var/www/html/opencart/upload/system/library/currency.php on line 65
2015-10-23 17:22:20 - PHP Notice:  Undefined index: USD in /var/www/html/opencart/upload/system/library/currency.php on line 55
2015-10-23 17:22:20 - PHP Notice:  Undefined index: USD in /var/www/html/opencart/upload/system/library/currency.php on line 56
2015-10-23 17:22:20 - PHP Notice:  Undefined index: USD in /var/www/html/opencart/upload/system/library/currency.php on line 57
2015-10-23 17:22:20 - PHP Notice:  Undefined index: USD in /var/www/html/opencart/upload/system/library/currency.php on line 65
2015-10-23 17:22:20 - PHP Notice:  Undefined index: USD in /var/www/html/opencart/upload/system/library/currency.php on line 55
2015-10-23 17:22:20 - PHP Notice:  Undefined index: USD in /var/www/html/opencart/upload/system/library/currency.php on line 56
2015-10-23 17:22:20 - PHP Notice:  Undefined index: USD in /var/www/html/opencart/upload/system/library/currency.php on line 57
2015-10-23 17:22:20 - PHP Notice:  Undefined index: USD in /var/www/html/opencart/upload/system/library/currency.php on line 65
2015-10-23 17:22:20 - PHP Notice:  Undefined index: USD in /var/www/html/opencart/upload/system/library/currency.php on line 55
2015-10-23 17:22:20 - PHP Notice:  Undefined index: USD in /var/www/html/opencart/upload/system/library/currency.php on line 56
2015-10-23 17:22:20 - PHP Notice:  Undefined index: USD in /var/www/html/opencart/upload/system/library/currency.php on line 57
2015-10-23 17:22:20 - PHP Notice:  Undefined index: USD in /var/www/html/opencart/upload/system/library/currency.php on line 65
2015-10-23 17:22:20 - PHP Notice:  Undefined index: USD in /var/www/html/opencart/upload/system/library/currency.php on line 55
2015-10-23 17:22:20 - PHP Notice:  Undefined index: USD in /var/www/html/opencart/upload/system/library/currency.php on line 56
2015-10-23 17:22:20 - PHP Notice:  Undefined index: USD in /var/www/html/opencart/upload/system/library/currency.php on line 57
2015-10-23 17:22:20 - PHP Notice:  Undefined index: USD in /var/www/html/opencart/upload/system/library/currency.php on line 65
2015-10-23 17:22:20 - PHP Notice:  Undefined index: USD in /var/www/html/opencart/upload/system/library/currency.php on line 55
2015-10-23 17:22:20 - PHP Notice:  Undefined index: USD in /var/www/html/opencart/upload/system/library/currency.php on line 56
2015-10-23 17:22:20 - PHP Notice:  Undefined index: USD in /var/www/html/opencart/upload/system/library/currency.php on line 57
2015-10-23 17:22:20 - PHP Notice:  Undefined index: USD in /var/www/html/opencart/upload/system/library/currency.php on line 65
2015-10-23 17:22:20 - PHP Notice:  Undefined index: USD in /var/www/html/opencart/upload/system/library/currency.php on line 55
2015-10-23 17:22:20 - PHP Notice:  Undefined index: USD in /var/www/html/opencart/upload/system/library/currency.php on line 56
2015-10-23 17:22:20 - PHP Notice:  Undefined index: USD in /var/www/html/opencart/upload/system/library/currency.php on line 57
2015-10-23 17:22:20 - PHP Notice:  Undefined index: USD in /var/www/html/opencart/upload/system/library/currency.php on line 65
2015-10-23 17:22:20 - PHP Notice:  Undefined index: USD in /var/www/html/opencart/upload/system/library/currency.php on line 55
2015-10-23 17:22:20 - PHP Notice:  Undefined index: USD in /var/www/html/opencart/upload/system/library/currency.php on line 56
2015-10-23 17:22:20 - PHP Notice:  Undefined index: USD in /var/www/html/opencart/upload/system/library/currency.php on line 57
2015-10-23 17:22:20 - PHP Notice:  Undefined index: USD in /var/www/html/opencart/upload/system/library/currency.php on line 65
2015-10-23 17:22:20 - PHP Notice:  Undefined index: USD in /var/www/html/opencart/upload/system/library/currency.php on line 55
2015-10-23 17:22:20 - PHP Notice:  Undefined index: USD in /var/www/html/opencart/upload/system/library/currency.php on line 56
2015-10-23 17:22:20 - PHP Notice:  Undefined index: USD in /var/www/html/opencart/upload/system/library/currency.php on line 57
2015-10-23 17:22:20 - PHP Notice:  Undefined index: USD in /var/www/html/opencart/upload/system/library/currency.php on line 65
2015-10-23 17:22:33 - PHP Notice:  Undefined index: USD in /var/www/html/opencart/upload/system/library/currency.php on line 55
2015-10-23 17:22:33 - PHP Notice:  Undefined index: USD in /var/www/html/opencart/upload/system/library/currency.php on line 56
2015-10-23 17:22:33 - PHP Notice:  Undefined index: USD in /var/www/html/opencart/upload/system/library/currency.php on line 57
2015-10-23 17:22:33 - PHP Notice:  Undefined index: USD in /var/www/html/opencart/upload/system/library/currency.php on line 65
2015-10-23 17:22:33 - PHP Notice:  Undefined index: USD in /var/www/html/opencart/upload/system/library/currency.php on line 55
2015-10-23 17:22:33 - PHP Notice:  Undefined index: USD in /var/www/html/opencart/upload/system/library/currency.php on line 56
2015-10-23 17:22:33 - PHP Notice:  Undefined index: USD in /var/www/html/opencart/upload/system/library/currency.php on line 57
2015-10-23 17:22:33 - PHP Notice:  Undefined index: USD in /var/www/html/opencart/upload/system/library/currency.php on line 65
2015-10-23 17:22:33 - PHP Notice:  Undefined index: USD in /var/www/html/opencart/upload/system/library/currency.php on line 55
2015-10-23 17:22:33 - PHP Notice:  Undefined index: USD in /var/www/html/opencart/upload/system/library/currency.php on line 56
2015-10-23 17:22:33 - PHP Notice:  Undefined index: USD in /var/www/html/opencart/upload/system/library/currency.php on line 57
2015-10-23 17:22:33 - PHP Notice:  Undefined index: USD in /var/www/html/opencart/upload/system/library/currency.php on line 65
2015-10-23 17:22:33 - PHP Notice:  Undefined index: USD in /var/www/html/opencart/upload/system/library/currency.php on line 55
2015-10-23 17:22:33 - PHP Notice:  Undefined index: USD in /var/www/html/opencart/upload/system/library/currency.php on line 56
2015-10-23 17:22:33 - PHP Notice:  Undefined index: USD in /var/www/html/opencart/upload/system/library/currency.php on line 57
2015-10-23 17:22:33 - PHP Notice:  Undefined index: USD in /var/www/html/opencart/upload/system/library/currency.php on line 65
2015-10-23 17:22:33 - PHP Notice:  Undefined index: USD in /var/www/html/opencart/upload/system/library/currency.php on line 55
2015-10-23 17:22:33 - PHP Notice:  Undefined index: USD in /var/www/html/opencart/upload/system/library/currency.php on line 56
2015-10-23 17:22:33 - PHP Notice:  Undefined index: USD in /var/www/html/opencart/upload/system/library/currency.php on line 57
2015-10-23 17:22:33 - PHP Notice:  Undefined index: USD in /var/www/html/opencart/upload/system/library/currency.php on line 65
2015-10-23 17:22:33 - PHP Notice:  Undefined index: USD in /var/www/html/opencart/upload/system/library/currency.php on line 55
2015-10-23 17:22:33 - PHP Notice:  Undefined index: USD in /var/www/html/opencart/upload/system/library/currency.php on line 56
2015-10-23 17:22:33 - PHP Notice:  Undefined index: USD in /var/www/html/opencart/upload/system/library/currency.php on line 57
2015-10-23 17:22:33 - PHP Notice:  Undefined index: USD in /var/www/html/opencart/upload/system/library/currency.php on line 65
2015-10-23 17:22:33 - PHP Notice:  Undefined index: USD in /var/www/html/opencart/upload/system/library/currency.php on line 55
2015-10-23 17:22:33 - PHP Notice:  Undefined index: USD in /var/www/html/opencart/upload/system/library/currency.php on line 56
2015-10-23 17:22:33 - PHP Notice:  Undefined index: USD in /var/www/html/opencart/upload/system/library/currency.php on line 57
2015-10-23 17:22:33 - PHP Notice:  Undefined index: USD in /var/www/html/opencart/upload/system/library/currency.php on line 65
2015-10-23 17:22:33 - PHP Notice:  Undefined index: USD in /var/www/html/opencart/upload/system/library/currency.php on line 55
2015-10-23 17:22:33 - PHP Notice:  Undefined index: USD in /var/www/html/opencart/upload/system/library/currency.php on line 56
2015-10-23 17:22:33 - PHP Notice:  Undefined index: USD in /var/www/html/opencart/upload/system/library/currency.php on line 57
2015-10-23 17:22:33 - PHP Notice:  Undefined index: USD in /var/www/html/opencart/upload/system/library/currency.php on line 65
2015-10-23 17:22:33 - PHP Notice:  Undefined index: USD in /var/www/html/opencart/upload/system/library/currency.php on line 55
2015-10-23 17:22:33 - PHP Notice:  Undefined index: USD in /var/www/html/opencart/upload/system/library/currency.php on line 56
2015-10-23 17:22:33 - PHP Notice:  Undefined index: USD in /var/www/html/opencart/upload/system/library/currency.php on line 57
2015-10-23 17:22:33 - PHP Notice:  Undefined index: USD in /var/www/html/opencart/upload/system/library/currency.php on line 65
2015-10-23 17:22:33 - PHP Notice:  Undefined index: USD in /var/www/html/opencart/upload/system/library/currency.php on line 55
2015-10-23 17:22:33 - PHP Notice:  Undefined index: USD in /var/www/html/opencart/upload/system/library/currency.php on line 56
2015-10-23 17:22:33 - PHP Notice:  Undefined index: USD in /var/www/html/opencart/upload/system/library/currency.php on line 57
2015-10-23 17:22:33 - PHP Notice:  Undefined index: USD in /var/www/html/opencart/upload/system/library/currency.php on line 65
2015-10-23 17:22:33 - PHP Notice:  Undefined index: USD in /var/www/html/opencart/upload/system/library/currency.php on line 55
2015-10-23 17:22:33 - PHP Notice:  Undefined index: USD in /var/www/html/opencart/upload/system/library/currency.php on line 56
2015-10-23 17:22:33 - PHP Notice:  Undefined index: USD in /var/www/html/opencart/upload/system/library/currency.php on line 57
2015-10-23 17:22:33 - PHP Notice:  Undefined index: USD in /var/www/html/opencart/upload/system/library/currency.php on line 65
2015-10-23 17:22:33 - PHP Notice:  Undefined index: USD in /var/www/html/opencart/upload/system/library/currency.php on line 55
2015-10-23 17:22:33 - PHP Notice:  Undefined index: USD in /var/www/html/opencart/upload/system/library/currency.php on line 56
2015-10-23 17:22:33 - PHP Notice:  Undefined index: USD in /var/www/html/opencart/upload/system/library/currency.php on line 57
2015-10-23 17:22:33 - PHP Notice:  Undefined index: USD in /var/www/html/opencart/upload/system/library/currency.php on line 65
2015-10-23 17:22:33 - PHP Notice:  Undefined index: USD in /var/www/html/opencart/upload/system/library/currency.php on line 55
2015-10-23 17:22:33 - PHP Notice:  Undefined index: USD in /var/www/html/opencart/upload/system/library/currency.php on line 56
2015-10-23 17:22:33 - PHP Notice:  Undefined index: USD in /var/www/html/opencart/upload/system/library/currency.php on line 57
2015-10-23 17:22:33 - PHP Notice:  Undefined index: USD in /var/www/html/opencart/upload/system/library/currency.php on line 65
2015-10-23 17:22:45 - PHP Notice:  Undefined index: USD in /var/www/html/opencart/upload/system/library/currency.php on line 55
2015-10-23 17:22:45 - PHP Notice:  Undefined index: USD in /var/www/html/opencart/upload/system/library/currency.php on line 56
2015-10-23 17:22:45 - PHP Notice:  Undefined index: USD in /var/www/html/opencart/upload/system/library/currency.php on line 57
2015-10-23 17:22:45 - PHP Notice:  Undefined index: USD in /var/www/html/opencart/upload/system/library/currency.php on line 65
2015-10-23 17:22:45 - PHP Notice:  Undefined index: USD in /var/www/html/opencart/upload/system/library/currency.php on line 55
2015-10-23 17:22:45 - PHP Notice:  Undefined index: USD in /var/www/html/opencart/upload/system/library/currency.php on line 56
2015-10-23 17:22:45 - PHP Notice:  Undefined index: USD in /var/www/html/opencart/upload/system/library/currency.php on line 57
2015-10-23 17:22:45 - PHP Notice:  Undefined index: USD in /var/www/html/opencart/upload/system/library/currency.php on line 65
2015-10-23 17:22:45 - PHP Notice:  Undefined index: USD in /var/www/html/opencart/upload/system/library/currency.php on line 55
2015-10-23 17:22:45 - PHP Notice:  Undefined index: USD in /var/www/html/opencart/upload/system/library/currency.php on line 56
2015-10-23 17:22:45 - PHP Notice:  Undefined index: USD in /var/www/html/opencart/upload/system/library/currency.php on line 57
2015-10-23 17:22:45 - PHP Notice:  Undefined index: USD in /var/www/html/opencart/upload/system/library/currency.php on line 65
2015-10-23 17:22:45 - PHP Notice:  Undefined index: USD in /var/www/html/opencart/upload/system/library/currency.php on line 55
2015-10-23 17:22:45 - PHP Notice:  Undefined index: USD in /var/www/html/opencart/upload/system/library/currency.php on line 56
2015-10-23 17:22:45 - PHP Notice:  Undefined index: USD in /var/www/html/opencart/upload/system/library/currency.php on line 57
2015-10-23 17:22:45 - PHP Notice:  Undefined index: USD in /var/www/html/opencart/upload/system/library/currency.php on line 65
2015-10-23 17:22:45 - PHP Notice:  Undefined index: USD in /var/www/html/opencart/upload/system/library/currency.php on line 55
2015-10-23 17:22:45 - PHP Notice:  Undefined index: USD in /var/www/html/opencart/upload/system/library/currency.php on line 56
2015-10-23 17:22:45 - PHP Notice:  Undefined index: USD in /var/www/html/opencart/upload/system/library/currency.php on line 57
2015-10-23 17:22:45 - PHP Notice:  Undefined index: USD in /var/www/html/opencart/upload/system/library/currency.php on line 65
2015-10-23 17:22:45 - PHP Notice:  Undefined index: USD in /var/www/html/opencart/upload/system/library/currency.php on line 55
2015-10-23 17:22:45 - PHP Notice:  Undefined index: USD in /var/www/html/opencart/upload/system/library/currency.php on line 56
2015-10-23 17:22:45 - PHP Notice:  Undefined index: USD in /var/www/html/opencart/upload/system/library/currency.php on line 57
2015-10-23 17:22:45 - PHP Notice:  Undefined index: USD in /var/www/html/opencart/upload/system/library/currency.php on line 65
2015-10-23 17:22:45 - PHP Notice:  Undefined index: USD in /var/www/html/opencart/upload/system/library/currency.php on line 55
2015-10-23 17:22:45 - PHP Notice:  Undefined index: USD in /var/www/html/opencart/upload/system/library/currency.php on line 56
2015-10-23 17:22:45 - PHP Notice:  Undefined index: USD in /var/www/html/opencart/upload/system/library/currency.php on line 57
2015-10-23 17:22:45 - PHP Notice:  Undefined index: USD in /var/www/html/opencart/upload/system/library/currency.php on line 65
2015-10-23 17:22:45 - PHP Notice:  Undefined index: USD in /var/www/html/opencart/upload/system/library/currency.php on line 55
2015-10-23 17:22:45 - PHP Notice:  Undefined index: USD in /var/www/html/opencart/upload/system/library/currency.php on line 56
2015-10-23 17:22:45 - PHP Notice:  Undefined index: USD in /var/www/html/opencart/upload/system/library/currency.php on line 57
2015-10-23 17:22:45 - PHP Notice:  Undefined index: USD in /var/www/html/opencart/upload/system/library/currency.php on line 65
2015-10-23 17:22:45 - PHP Notice:  Undefined index: USD in /var/www/html/opencart/upload/system/library/currency.php on line 55
2015-10-23 17:22:45 - PHP Notice:  Undefined index: USD in /var/www/html/opencart/upload/system/library/currency.php on line 56
2015-10-23 17:22:45 - PHP Notice:  Undefined index: USD in /var/www/html/opencart/upload/system/library/currency.php on line 57
2015-10-23 17:22:45 - PHP Notice:  Undefined index: USD in /var/www/html/opencart/upload/system/library/currency.php on line 65
2015-10-23 17:22:45 - PHP Notice:  Undefined index: USD in /var/www/html/opencart/upload/system/library/currency.php on line 55
2015-10-23 17:22:45 - PHP Notice:  Undefined index: USD in /var/www/html/opencart/upload/system/library/currency.php on line 56
2015-10-23 17:22:45 - PHP Notice:  Undefined index: USD in /var/www/html/opencart/upload/system/library/currency.php on line 57
2015-10-23 17:22:45 - PHP Notice:  Undefined index: USD in /var/www/html/opencart/upload/system/library/currency.php on line 65
2015-10-23 17:22:45 - PHP Notice:  Undefined index: USD in /var/www/html/opencart/upload/system/library/currency.php on line 55
2015-10-23 17:22:45 - PHP Notice:  Undefined index: USD in /var/www/html/opencart/upload/system/library/currency.php on line 56
2015-10-23 17:22:45 - PHP Notice:  Undefined index: USD in /var/www/html/opencart/upload/system/library/currency.php on line 57
2015-10-23 17:22:45 - PHP Notice:  Undefined index: USD in /var/www/html/opencart/upload/system/library/currency.php on line 65
2015-10-23 17:22:45 - PHP Notice:  Undefined index: USD in /var/www/html/opencart/upload/system/library/currency.php on line 55
2015-10-23 17:22:45 - PHP Notice:  Undefined index: USD in /var/www/html/opencart/upload/system/library/currency.php on line 56
2015-10-23 17:22:45 - PHP Notice:  Undefined index: USD in /var/www/html/opencart/upload/system/library/currency.php on line 57
2015-10-23 17:22:45 - PHP Notice:  Undefined index: USD in /var/www/html/opencart/upload/system/library/currency.php on line 65
2015-10-23 17:22:45 - PHP Notice:  Undefined index: USD in /var/www/html/opencart/upload/system/library/currency.php on line 55
2015-10-23 17:22:45 - PHP Notice:  Undefined index: USD in /var/www/html/opencart/upload/system/library/currency.php on line 56
2015-10-23 17:22:45 - PHP Notice:  Undefined index: USD in /var/www/html/opencart/upload/system/library/currency.php on line 57
2015-10-23 17:22:45 - PHP Notice:  Undefined index: USD in /var/www/html/opencart/upload/system/library/currency.php on line 65
2015-10-23 17:23:29 - PHP Notice:  Undefined index: USD in /var/www/html/opencart/upload/system/library/currency.php on line 55
2015-10-23 17:23:29 - PHP Notice:  Undefined index: USD in /var/www/html/opencart/upload/system/library/currency.php on line 56
2015-10-23 17:23:29 - PHP Notice:  Undefined index: USD in /var/www/html/opencart/upload/system/library/currency.php on line 57
2015-10-23 17:23:29 - PHP Notice:  Undefined index: USD in /var/www/html/opencart/upload/system/library/currency.php on line 65
2015-10-23 17:23:29 - PHP Notice:  Undefined index: USD in /var/www/html/opencart/upload/system/library/currency.php on line 55
2015-10-23 17:23:29 - PHP Notice:  Undefined index: USD in /var/www/html/opencart/upload/system/library/currency.php on line 56
2015-10-23 17:23:29 - PHP Notice:  Undefined index: USD in /var/www/html/opencart/upload/system/library/currency.php on line 57
2015-10-23 17:23:29 - PHP Notice:  Undefined index: USD in /var/www/html/opencart/upload/system/library/currency.php on line 65
2015-10-23 17:23:29 - PHP Notice:  Undefined index: USD in /var/www/html/opencart/upload/system/library/currency.php on line 55
2015-10-23 17:23:29 - PHP Notice:  Undefined index: USD in /var/www/html/opencart/upload/system/library/currency.php on line 56
2015-10-23 17:23:29 - PHP Notice:  Undefined index: USD in /var/www/html/opencart/upload/system/library/currency.php on line 57
2015-10-23 17:23:29 - PHP Notice:  Undefined index: USD in /var/www/html/opencart/upload/system/library/currency.php on line 65
2015-10-23 17:23:29 - PHP Notice:  Undefined index: USD in /var/www/html/opencart/upload/system/library/currency.php on line 55
2015-10-23 17:23:29 - PHP Notice:  Undefined index: USD in /var/www/html/opencart/upload/system/library/currency.php on line 56
2015-10-23 17:23:29 - PHP Notice:  Undefined index: USD in /var/www/html/opencart/upload/system/library/currency.php on line 57
2015-10-23 17:23:29 - PHP Notice:  Undefined index: USD in /var/www/html/opencart/upload/system/library/currency.php on line 65
2015-10-23 17:23:29 - PHP Notice:  Undefined index: USD in /var/www/html/opencart/upload/system/library/currency.php on line 55
2015-10-23 17:23:29 - PHP Notice:  Undefined index: USD in /var/www/html/opencart/upload/system/library/currency.php on line 56
2015-10-23 17:23:29 - PHP Notice:  Undefined index: USD in /var/www/html/opencart/upload/system/library/currency.php on line 57
2015-10-23 17:23:29 - PHP Notice:  Undefined index: USD in /var/www/html/opencart/upload/system/library/currency.php on line 65
2015-10-23 17:23:29 - PHP Notice:  Undefined index: USD in /var/www/html/opencart/upload/system/library/currency.php on line 55
2015-10-23 17:23:29 - PHP Notice:  Undefined index: USD in /var/www/html/opencart/upload/system/library/currency.php on line 56
2015-10-23 17:23:29 - PHP Notice:  Undefined index: USD in /var/www/html/opencart/upload/system/library/currency.php on line 57
2015-10-23 17:23:29 - PHP Notice:  Undefined index: USD in /var/www/html/opencart/upload/system/library/currency.php on line 65
2015-10-23 17:23:29 - PHP Notice:  Undefined index: USD in /var/www/html/opencart/upload/system/library/currency.php on line 55
2015-10-23 17:23:29 - PHP Notice:  Undefined index: USD in /var/www/html/opencart/upload/system/library/currency.php on line 56
2015-10-23 17:23:29 - PHP Notice:  Undefined index: USD in /var/www/html/opencart/upload/system/library/currency.php on line 57
2015-10-23 17:23:29 - PHP Notice:  Undefined index: USD in /var/www/html/opencart/upload/system/library/currency.php on line 65
2015-10-23 17:23:29 - PHP Notice:  Undefined index: USD in /var/www/html/opencart/upload/system/library/currency.php on line 55
2015-10-23 17:23:29 - PHP Notice:  Undefined index: USD in /var/www/html/opencart/upload/system/library/currency.php on line 56
2015-10-23 17:23:29 - PHP Notice:  Undefined index: USD in /var/www/html/opencart/upload/system/library/currency.php on line 57
2015-10-23 17:23:29 - PHP Notice:  Undefined index: USD in /var/www/html/opencart/upload/system/library/currency.php on line 65
2015-10-23 17:23:29 - PHP Notice:  Undefined index: USD in /var/www/html/opencart/upload/system/library/currency.php on line 55
2015-10-23 17:23:29 - PHP Notice:  Undefined index: USD in /var/www/html/opencart/upload/system/library/currency.php on line 56
2015-10-23 17:23:29 - PHP Notice:  Undefined index: USD in /var/www/html/opencart/upload/system/library/currency.php on line 57
2015-10-23 17:23:29 - PHP Notice:  Undefined index: USD in /var/www/html/opencart/upload/system/library/currency.php on line 65
2015-10-23 17:23:29 - PHP Notice:  Undefined index: USD in /var/www/html/opencart/upload/system/library/currency.php on line 55
2015-10-23 17:23:29 - PHP Notice:  Undefined index: USD in /var/www/html/opencart/upload/system/library/currency.php on line 56
2015-10-23 17:23:29 - PHP Notice:  Undefined index: USD in /var/www/html/opencart/upload/system/library/currency.php on line 57
2015-10-23 17:23:29 - PHP Notice:  Undefined index: USD in /var/www/html/opencart/upload/system/library/currency.php on line 65
2015-10-23 17:23:29 - PHP Notice:  Undefined index: USD in /var/www/html/opencart/upload/system/library/currency.php on line 55
2015-10-23 17:23:29 - PHP Notice:  Undefined index: USD in /var/www/html/opencart/upload/system/library/currency.php on line 56
2015-10-23 17:23:29 - PHP Notice:  Undefined index: USD in /var/www/html/opencart/upload/system/library/currency.php on line 57
2015-10-23 17:23:29 - PHP Notice:  Undefined index: USD in /var/www/html/opencart/upload/system/library/currency.php on line 65
2015-10-23 17:23:29 - PHP Notice:  Undefined index: USD in /var/www/html/opencart/upload/system/library/currency.php on line 55
2015-10-23 17:23:29 - PHP Notice:  Undefined index: USD in /var/www/html/opencart/upload/system/library/currency.php on line 56
2015-10-23 17:23:29 - PHP Notice:  Undefined index: USD in /var/www/html/opencart/upload/system/library/currency.php on line 57
2015-10-23 17:23:29 - PHP Notice:  Undefined index: USD in /var/www/html/opencart/upload/system/library/currency.php on line 65
2015-10-23 17:23:29 - PHP Notice:  Undefined index: USD in /var/www/html/opencart/upload/system/library/currency.php on line 55
2015-10-23 17:23:29 - PHP Notice:  Undefined index: USD in /var/www/html/opencart/upload/system/library/currency.php on line 56
2015-10-23 17:23:29 - PHP Notice:  Undefined index: USD in /var/www/html/opencart/upload/system/library/currency.php on line 57
2015-10-23 17:23:29 - PHP Notice:  Undefined index: USD in /var/www/html/opencart/upload/system/library/currency.php on line 65
2015-10-23 17:23:35 - PHP Notice:  Undefined index: USD in /var/www/html/opencart/upload/system/library/currency.php on line 55
2015-10-23 17:23:35 - PHP Notice:  Undefined index: USD in /var/www/html/opencart/upload/system/library/currency.php on line 56
2015-10-23 17:23:35 - PHP Notice:  Undefined index: USD in /var/www/html/opencart/upload/system/library/currency.php on line 57
2015-10-23 17:23:35 - PHP Notice:  Undefined index: USD in /var/www/html/opencart/upload/system/library/currency.php on line 65
2015-10-23 17:23:35 - PHP Notice:  Undefined index: USD in /var/www/html/opencart/upload/system/library/currency.php on line 55
2015-10-23 17:23:35 - PHP Notice:  Undefined index: USD in /var/www/html/opencart/upload/system/library/currency.php on line 56
2015-10-23 17:23:35 - PHP Notice:  Undefined index: USD in /var/www/html/opencart/upload/system/library/currency.php on line 57
2015-10-23 17:23:35 - PHP Notice:  Undefined index: USD in /var/www/html/opencart/upload/system/library/currency.php on line 65
2015-10-23 17:23:35 - PHP Notice:  Undefined index: USD in /var/www/html/opencart/upload/system/library/currency.php on line 55
2015-10-23 17:23:35 - PHP Notice:  Undefined index: USD in /var/www/html/opencart/upload/system/library/currency.php on line 56
2015-10-23 17:23:35 - PHP Notice:  Undefined index: USD in /var/www/html/opencart/upload/system/library/currency.php on line 57
2015-10-23 17:23:35 - PHP Notice:  Undefined index: USD in /var/www/html/opencart/upload/system/library/currency.php on line 65
2015-10-23 17:23:35 - PHP Notice:  Undefined index: USD in /var/www/html/opencart/upload/system/library/currency.php on line 55
2015-10-23 17:23:35 - PHP Notice:  Undefined index: USD in /var/www/html/opencart/upload/system/library/currency.php on line 56
2015-10-23 17:23:35 - PHP Notice:  Undefined index: USD in /var/www/html/opencart/upload/system/library/currency.php on line 57
2015-10-23 17:23:35 - PHP Notice:  Undefined index: USD in /var/www/html/opencart/upload/system/library/currency.php on line 65
2015-10-23 17:23:35 - PHP Notice:  Undefined index: USD in /var/www/html/opencart/upload/system/library/currency.php on line 55
2015-10-23 17:23:35 - PHP Notice:  Undefined index: USD in /var/www/html/opencart/upload/system/library/currency.php on line 56
2015-10-23 17:23:35 - PHP Notice:  Undefined index: USD in /var/www/html/opencart/upload/system/library/currency.php on line 57
2015-10-23 17:23:35 - PHP Notice:  Undefined index: USD in /var/www/html/opencart/upload/system/library/currency.php on line 65
2015-10-23 17:23:35 - PHP Notice:  Undefined index: USD in /var/www/html/opencart/upload/system/library/currency.php on line 55
2015-10-23 17:23:35 - PHP Notice:  Undefined index: USD in /var/www/html/opencart/upload/system/library/currency.php on line 56
2015-10-23 17:23:35 - PHP Notice:  Undefined index: USD in /var/www/html/opencart/upload/system/library/currency.php on line 57
2015-10-23 17:23:35 - PHP Notice:  Undefined index: USD in /var/www/html/opencart/upload/system/library/currency.php on line 65
2015-10-23 17:23:35 - PHP Notice:  Undefined index: USD in /var/www/html/opencart/upload/system/library/currency.php on line 55
2015-10-23 17:23:35 - PHP Notice:  Undefined index: USD in /var/www/html/opencart/upload/system/library/currency.php on line 56
2015-10-23 17:23:35 - PHP Notice:  Undefined index: USD in /var/www/html/opencart/upload/system/library/currency.php on line 57
2015-10-23 17:23:35 - PHP Notice:  Undefined index: USD in /var/www/html/opencart/upload/system/library/currency.php on line 65
2015-10-23 17:23:35 - PHP Notice:  Undefined index: USD in /var/www/html/opencart/upload/system/library/currency.php on line 55
2015-10-23 17:23:35 - PHP Notice:  Undefined index: USD in /var/www/html/opencart/upload/system/library/currency.php on line 56
2015-10-23 17:23:35 - PHP Notice:  Undefined index: USD in /var/www/html/opencart/upload/system/library/currency.php on line 57
2015-10-23 17:23:35 - PHP Notice:  Undefined index: USD in /var/www/html/opencart/upload/system/library/currency.php on line 65
2015-12-10 3:59:46 - PHP Notice:  Error: Could not load template /var/www/html/opencart/upload/catalog/view/theme/default/template/product/category.tpl! in /var/www/html/opencart/upload/system/engine/loader.php on line 86
2015-12-10 4:49:29 - PHP Notice:  Undefined index: item_count_name in /var/www/html/opencart/upload/catalog/view/theme/default/template/product/category.tpl on line 132
2015-12-10 4:49:29 - PHP Notice:  Undefined index: item_count_name in /var/www/html/opencart/upload/catalog/view/theme/default/template/product/category.tpl on line 132
2015-12-10 4:49:29 - PHP Notice:  Undefined index: item_count_name in /var/www/html/opencart/upload/catalog/view/theme/default/template/product/category.tpl on line 132
2015-12-10 4:49:29 - PHP Notice:  Undefined index: item_count_name in /var/www/html/opencart/upload/catalog/view/theme/default/template/product/category.tpl on line 132
2015-12-10 4:49:29 - PHP Notice:  Undefined index: item_count_name in /var/www/html/opencart/upload/catalog/view/theme/default/template/product/category.tpl on line 132
2015-12-10 4:49:57 - PHP Notice:  Undefined index: item_count_name in /var/www/html/opencart/upload/catalog/view/theme/default/template/product/category.tpl on line 132
2015-12-10 4:49:57 - PHP Notice:  Undefined index: item_count_name in /var/www/html/opencart/upload/catalog/view/theme/default/template/product/category.tpl on line 132
2015-12-10 4:49:57 - PHP Notice:  Undefined index: item_count_name in /var/www/html/opencart/upload/catalog/view/theme/default/template/product/category.tpl on line 132
2015-12-10 4:49:57 - PHP Notice:  Undefined index: item_count_name in /var/www/html/opencart/upload/catalog/view/theme/default/template/product/category.tpl on line 132
2015-12-10 4:49:57 - PHP Notice:  Undefined index: item_count_name in /var/www/html/opencart/upload/catalog/view/theme/default/template/product/category.tpl on line 132
2015-12-10 4:50:39 - PHP Notice:  Undefined index: item_count_name in /var/www/html/opencart/upload/catalog/view/theme/default/template/product/category.tpl on line 134
2015-12-10 4:50:39 - PHP Notice:  Undefined index: item_count_name in /var/www/html/opencart/upload/catalog/view/theme/default/template/product/category.tpl on line 134
2015-12-10 4:50:39 - PHP Notice:  Undefined index: item_count_name in /var/www/html/opencart/upload/catalog/view/theme/default/template/product/category.tpl on line 134
2015-12-10 4:50:39 - PHP Notice:  Undefined index: item_count_name in /var/www/html/opencart/upload/catalog/view/theme/default/template/product/category.tpl on line 134
2015-12-10 4:50:39 - PHP Notice:  Undefined index: item_count_name in /var/www/html/opencart/upload/catalog/view/theme/default/template/product/category.tpl on line 134
2015-12-10 4:54:40 - PHP Notice:  Undefined index: item_count_name in /var/www/html/opencart/upload/catalog/view/theme/default/template/product/category.tpl on line 134
2015-12-10 4:54:40 - PHP Notice:  Undefined index: item_count_limit in /var/www/html/opencart/upload/catalog/view/theme/default/template/product/category.tpl on line 136
2015-12-10 4:54:40 - PHP Notice:  Undefined index: item_count_name in /var/www/html/opencart/upload/catalog/view/theme/default/template/product/category.tpl on line 134
2015-12-10 4:54:40 - PHP Notice:  Undefined index: item_count_limit in /var/www/html/opencart/upload/catalog/view/theme/default/template/product/category.tpl on line 136
2015-12-10 4:54:40 - PHP Notice:  Undefined index: item_count_name in /var/www/html/opencart/upload/catalog/view/theme/default/template/product/category.tpl on line 134
2015-12-10 4:54:40 - PHP Notice:  Undefined index: item_count_limit in /var/www/html/opencart/upload/catalog/view/theme/default/template/product/category.tpl on line 136
2015-12-10 4:54:40 - PHP Notice:  Undefined index: item_count_name in /var/www/html/opencart/upload/catalog/view/theme/default/template/product/category.tpl on line 134
2015-12-10 4:54:40 - PHP Notice:  Undefined index: item_count_limit in /var/www/html/opencart/upload/catalog/view/theme/default/template/product/category.tpl on line 136
2015-12-10 4:54:40 - PHP Notice:  Undefined index: item_count_name in /var/www/html/opencart/upload/catalog/view/theme/default/template/product/category.tpl on line 134
2015-12-10 4:54:40 - PHP Notice:  Undefined index: item_count_limit in /var/www/html/opencart/upload/catalog/view/theme/default/template/product/category.tpl on line 136
2015-12-10 4:55:05 - PHP Notice:  Undefined index: item_count_name in /var/www/html/opencart/upload/catalog/view/theme/default/template/product/category.tpl on line 134
2015-12-10 4:55:05 - PHP Notice:  Undefined index: item_count_limit in /var/www/html/opencart/upload/catalog/view/theme/default/template/product/category.tpl on line 136
2015-12-10 4:55:05 - PHP Notice:  Undefined index: item_count_name in /var/www/html/opencart/upload/catalog/view/theme/default/template/product/category.tpl on line 134
2015-12-10 4:55:05 - PHP Notice:  Undefined index: item_count_limit in /var/www/html/opencart/upload/catalog/view/theme/default/template/product/category.tpl on line 136
2015-12-10 4:55:05 - PHP Notice:  Undefined index: item_count_name in /var/www/html/opencart/upload/catalog/view/theme/default/template/product/category.tpl on line 134
2015-12-10 4:55:05 - PHP Notice:  Undefined index: item_count_limit in /var/www/html/opencart/upload/catalog/view/theme/default/template/product/category.tpl on line 136
2015-12-10 4:55:05 - PHP Notice:  Undefined index: item_count_name in /var/www/html/opencart/upload/catalog/view/theme/default/template/product/category.tpl on line 134
2015-12-10 4:55:05 - PHP Notice:  Undefined index: item_count_limit in /var/www/html/opencart/upload/catalog/view/theme/default/template/product/category.tpl on line 136
2015-12-10 4:55:05 - PHP Notice:  Undefined index: item_count_name in /var/www/html/opencart/upload/catalog/view/theme/default/template/product/category.tpl on line 134
2015-12-10 4:55:05 - PHP Notice:  Undefined index: item_count_limit in /var/www/html/opencart/upload/catalog/view/theme/default/template/product/category.tpl on line 136
2015-12-10 4:55:31 - PHP Notice:  Undefined index: item_count_name in /var/www/html/opencart/upload/catalog/view/theme/default/template/product/category.tpl on line 134
2015-12-10 4:55:31 - PHP Notice:  Undefined index: item_count_name in /var/www/html/opencart/upload/catalog/view/theme/default/template/product/category.tpl on line 134
2015-12-10 4:55:31 - PHP Notice:  Undefined index: item_count_name in /var/www/html/opencart/upload/catalog/view/theme/default/template/product/category.tpl on line 134
2015-12-10 4:55:31 - PHP Notice:  Undefined index: item_count_name in /var/www/html/opencart/upload/catalog/view/theme/default/template/product/category.tpl on line 134
2015-12-10 4:55:31 - PHP Notice:  Undefined index: item_count_name in /var/www/html/opencart/upload/catalog/view/theme/default/template/product/category.tpl on line 134
2015-12-10 4:56:23 - PHP Notice:  Undefined index: item_count_name in /var/www/html/opencart/upload/catalog/view/theme/default/template/product/category.tpl on line 134
2015-12-10 4:56:23 - PHP Notice:  Undefined index: item_count_name in /var/www/html/opencart/upload/catalog/view/theme/default/template/product/category.tpl on line 134
2015-12-10 4:56:23 - PHP Notice:  Undefined index: item_count_name in /var/www/html/opencart/upload/catalog/view/theme/default/template/product/category.tpl on line 134
2015-12-10 4:56:23 - PHP Notice:  Undefined index: item_count_name in /var/www/html/opencart/upload/catalog/view/theme/default/template/product/category.tpl on line 134
2015-12-10 4:56:23 - PHP Notice:  Undefined index: item_count_name in /var/www/html/opencart/upload/catalog/view/theme/default/template/product/category.tpl on line 134
2015-12-10 5:00:18 - PHP Notice:  Undefined index: item_count_name in /var/www/html/opencart/upload/catalog/view/theme/default/template/product/category.tpl on line 134
2015-12-10 5:00:18 - PHP Notice:  Undefined index: item_count_name in /var/www/html/opencart/upload/catalog/view/theme/default/template/product/category.tpl on line 134
2015-12-10 5:00:18 - PHP Notice:  Undefined index: item_count_name in /var/www/html/opencart/upload/catalog/view/theme/default/template/product/category.tpl on line 134
2015-12-10 5:00:18 - PHP Notice:  Undefined index: item_count_name in /var/www/html/opencart/upload/catalog/view/theme/default/template/product/category.tpl on line 134
2015-12-10 5:00:18 - PHP Notice:  Undefined index: item_count_name in /var/www/html/opencart/upload/catalog/view/theme/default/template/product/category.tpl on line 134
2015-12-10 5:02:31 - PHP Notice:  Undefined index: item_count_name in /var/www/html/opencart/upload/catalog/view/theme/default/template/product/category.tpl on line 134
2015-12-10 5:02:31 - PHP Notice:  Undefined index: item_count_name in /var/www/html/opencart/upload/catalog/view/theme/default/template/product/category.tpl on line 134
2015-12-10 5:02:31 - PHP Notice:  Undefined index: item_count_name in /var/www/html/opencart/upload/catalog/view/theme/default/template/product/category.tpl on line 134
2015-12-10 5:02:31 - PHP Notice:  Undefined index: item_count_name in /var/www/html/opencart/upload/catalog/view/theme/default/template/product/category.tpl on line 134
2015-12-10 5:02:31 - PHP Notice:  Undefined index: item_count_name in /var/www/html/opencart/upload/catalog/view/theme/default/template/product/category.tpl on line 134
2015-12-10 5:03:00 - PHP Notice:  Undefined index: item_count_name in /var/www/html/opencart/upload/catalog/view/theme/default/template/product/category.tpl on line 134
2015-12-10 5:03:00 - PHP Notice:  Undefined index: item_count_name in /var/www/html/opencart/upload/catalog/view/theme/default/template/product/category.tpl on line 134
2015-12-10 5:03:00 - PHP Notice:  Undefined index: item_count_name in /var/www/html/opencart/upload/catalog/view/theme/default/template/product/category.tpl on line 134
2015-12-10 5:03:00 - PHP Notice:  Undefined index: item_count_name in /var/www/html/opencart/upload/catalog/view/theme/default/template/product/category.tpl on line 134
2015-12-10 5:03:00 - PHP Notice:  Undefined index: item_count_name in /var/www/html/opencart/upload/catalog/view/theme/default/template/product/category.tpl on line 134
2015-12-10 5:03:18 - PHP Notice:  Undefined index: item_count_name in /var/www/html/opencart/upload/catalog/view/theme/default/template/product/category.tpl on line 135
2015-12-10 5:03:18 - PHP Notice:  Undefined index: item_count_name in /var/www/html/opencart/upload/catalog/view/theme/default/template/product/category.tpl on line 135
2015-12-10 5:03:18 - PHP Notice:  Undefined index: item_count_name in /var/www/html/opencart/upload/catalog/view/theme/default/template/product/category.tpl on line 135
2015-12-10 5:03:18 - PHP Notice:  Undefined index: item_count_name in /var/www/html/opencart/upload/catalog/view/theme/default/template/product/category.tpl on line 135
2015-12-10 5:03:18 - PHP Notice:  Undefined index: item_count_name in /var/www/html/opencart/upload/catalog/view/theme/default/template/product/category.tpl on line 135
2015-12-10 5:05:05 - PHP Notice:  Undefined index: item_count_name in /var/www/html/opencart/upload/catalog/view/theme/default/template/product/category.tpl on line 135
2015-12-10 5:05:05 - PHP Notice:  Undefined index: item_count_name in /var/www/html/opencart/upload/catalog/view/theme/default/template/product/category.tpl on line 135
2015-12-10 5:05:05 - PHP Notice:  Undefined index: item_count_name in /var/www/html/opencart/upload/catalog/view/theme/default/template/product/category.tpl on line 135
2015-12-10 5:05:05 - PHP Notice:  Undefined index: item_count_name in /var/www/html/opencart/upload/catalog/view/theme/default/template/product/category.tpl on line 135
2015-12-10 5:05:05 - PHP Notice:  Undefined index: item_count_name in /var/www/html/opencart/upload/catalog/view/theme/default/template/product/category.tpl on line 135
2015-12-10 5:05:16 - PHP Notice:  Undefined index: item_count_name in /var/www/html/opencart/upload/catalog/view/theme/default/template/product/category.tpl on line 135
2015-12-10 5:05:16 - PHP Notice:  Undefined index: item_count_name in /var/www/html/opencart/upload/catalog/view/theme/default/template/product/category.tpl on line 135
2015-12-10 5:05:16 - PHP Notice:  Undefined index: item_count_name in /var/www/html/opencart/upload/catalog/view/theme/default/template/product/category.tpl on line 135
2015-12-10 5:05:16 - PHP Notice:  Undefined index: item_count_name in /var/www/html/opencart/upload/catalog/view/theme/default/template/product/category.tpl on line 135
2015-12-10 5:05:16 - PHP Notice:  Undefined index: item_count_name in /var/www/html/opencart/upload/catalog/view/theme/default/template/product/category.tpl on line 135
2015-12-10 5:08:25 - PHP Notice:  Undefined index: item_count_name in /var/www/html/opencart/upload/catalog/view/theme/default/template/product/category.tpl on line 135
2015-12-10 5:08:25 - PHP Notice:  Undefined index: item_count_name in /var/www/html/opencart/upload/catalog/view/theme/default/template/product/category.tpl on line 135
2015-12-10 5:08:25 - PHP Notice:  Undefined index: item_count_name in /var/www/html/opencart/upload/catalog/view/theme/default/template/product/category.tpl on line 135
2015-12-10 5:08:25 - PHP Notice:  Undefined index: item_count_name in /var/www/html/opencart/upload/catalog/view/theme/default/template/product/category.tpl on line 135
2015-12-10 5:08:25 - PHP Notice:  Undefined index: item_count_name in /var/www/html/opencart/upload/catalog/view/theme/default/template/product/category.tpl on line 135
2016-01-06 18:31:52 - PHP Notice:  Undefined variable: class in /var/www/html/opencart/upload/catalog/view/theme/default/template/product/category.tpl on line 12
2016-01-06 18:32:59 - PHP Notice:  Undefined variable: class in /var/www/html/opencart/upload/catalog/view/theme/default/template/product/category.tpl on line 12
2016-01-17 20:01:30 - PHP Notice:  Undefined variable: class in /var/www/html/opencart/upload/catalog/view/theme/default/template/product/category.tpl on line 14
2016-01-17 20:01:41 - PHP Notice:  Undefined variable: class in /var/www/html/opencart/upload/catalog/view/theme/default/template/product/category.tpl on line 14
2016-01-17 20:01:47 - PHP Notice:  Undefined variable: class in /var/www/html/opencart/upload/catalog/view/theme/default/template/product/category.tpl on line 14
2016-01-17 20:02:08 - PHP Notice:  Undefined variable: class in /var/www/html/opencart/upload/catalog/view/theme/default/template/product/category.tpl on line 14
2016-01-17 20:02:48 - PHP Notice:  Undefined variable: class in /var/www/html/opencart/upload/catalog/view/theme/default/template/product/category.tpl on line 14
2016-01-17 20:03:09 - PHP Notice:  Undefined variable: class in /var/www/html/opencart/upload/catalog/view/theme/default/template/product/category.tpl on line 14
2016-01-17 20:04:41 - PHP Notice:  Undefined variable: class in /var/www/html/opencart/upload/catalog/view/theme/default/template/product/category.tpl on line 14
2016-01-17 20:06:28 - PHP Notice:  Undefined variable: class in /var/www/html/opencart/upload/catalog/view/theme/default/template/product/category.tpl on line 14
2016-01-17 20:07:29 - PHP Notice:  Undefined variable: class in /var/www/html/opencart/upload/catalog/view/theme/default/template/product/category.tpl on line 14
2016-01-17 20:20:10 - PHP Notice:  Undefined variable: class in /var/www/html/opencart/upload/catalog/view/theme/default/template/product/category.tpl on line 14
2016-01-17 20:20:11 - PHP Notice:  Undefined variable: class in /var/www/html/opencart/upload/catalog/view/theme/default/template/product/category.tpl on line 14
2016-01-17 20:20:46 - PHP Notice:  Undefined variable: class in /var/www/html/opencart/upload/catalog/view/theme/default/template/product/category.tpl on line 14
2016-01-17 20:21:48 - PHP Notice:  Undefined variable: class in /var/www/html/opencart/upload/catalog/view/theme/default/template/product/category.tpl on line 14
2016-01-17 20:23:12 - PHP Notice:  Undefined variable: class in /var/www/html/opencart/upload/catalog/view/theme/default/template/product/category.tpl on line 14
2016-01-17 20:23:32 - PHP Notice:  Undefined variable: class in /var/www/html/opencart/upload/catalog/view/theme/default/template/product/category.tpl on line 14
2016-01-17 20:23:42 - PHP Notice:  Undefined variable: class in /var/www/html/opencart/upload/catalog/view/theme/default/template/product/category.tpl on line 14
2016-01-17 20:23:52 - PHP Notice:  Undefined variable: class in /var/www/html/opencart/upload/catalog/view/theme/default/template/product/category.tpl on line 14
2016-01-17 20:24:01 - PHP Notice:  Undefined variable: class in /var/www/html/opencart/upload/catalog/view/theme/default/template/product/category.tpl on line 14
2016-01-17 20:24:13 - PHP Notice:  Undefined variable: class in /var/www/html/opencart/upload/catalog/view/theme/default/template/product/category.tpl on line 14
2016-01-17 20:24:15 - PHP Notice:  Undefined variable: class in /var/www/html/opencart/upload/catalog/view/theme/default/template/product/category.tpl on line 14
2016-01-17 20:25:02 - PHP Notice:  Undefined variable: class in /var/www/html/opencart/upload/catalog/view/theme/default/template/product/category.tpl on line 14
2016-01-17 20:25:20 - PHP Notice:  Undefined variable: class in /var/www/html/opencart/upload/catalog/view/theme/default/template/product/category.tpl on line 14
2016-01-17 20:26:00 - PHP Notice:  Undefined variable: class in /var/www/html/opencart/upload/catalog/view/theme/default/template/product/category.tpl on line 14
2016-01-17 20:26:52 - PHP Notice:  Undefined variable: class in /var/www/html/opencart/upload/catalog/view/theme/default/template/product/category.tpl on line 14
2016-01-17 20:29:03 - PHP Notice:  Undefined variable: class in /var/www/html/serveaseme/catalog/view/theme/default/template/product/category.tpl on line 14
2016-01-17 20:29:04 - PHP Notice:  Undefined variable: class in /var/www/html/serveaseme/catalog/view/theme/default/template/product/category.tpl on line 14
2016-01-17 20:30:10 - PHP Notice:  Undefined variable: class in /var/www/html/serveaseme/catalog/view/theme/default/template/product/category.tpl on line 14
